<?xml version="1.0" encoding="UTF-8"?>
<!-- Generated by org.testng.reporters.JUnitXMLReporter -->
<testsuite hostname="DESKTOP-G9Q285A" name="Tests" tests="4" failures="0" timestamp="19 May 2016 23:21:27 GMT" time="0.098" errors="0">
  <testcase name="sampleTest" time="0.016" classname="com.java.test.ex.TestEx"/>
  <testcase name="testingfn" time="0.025" classname="com.java.test.ex.AppTest"/>
  <testcase name="secondTest" time="0.001" classname="com.java.test.ex.SecondTestclass"/>
  <testcase name="thirdTest" time="0.001" classname="com.java.test.ex.SecondTestclass"/>
</testsuite> <!-- Tests -->
