<?xml version="1.0" encoding="UTF-8"?>
<testng-results skipped="0" failed="0" total="4" passed="4">
  <reporter-output>
  </reporter-output>
  <suite name="MyMaven" duration-ms="98" started-at="2016-05-19T23:21:27Z" finished-at="2016-05-19T23:21:27Z">
    <groups>
    </groups>
    <test name="Tests" duration-ms="98" started-at="2016-05-19T23:21:27Z" finished-at="2016-05-19T23:21:27Z">
      <class name="com.java.test.ex.AppTest">
        <test-method status="PASS" signature="testingfn()[pri:0, instance:com.java.test.ex.AppTest@5afa04c]" name="testingfn" duration-ms="25" started-at="2016-05-19T16:21:27Z" finished-at="2016-05-19T16:21:27Z">
          <reporter-output>
          </reporter-output>
        </test-method> <!-- testingfn -->
      </class> <!-- com.java.test.ex.AppTest -->
      <class name="com.java.test.ex.SecondTestclass">
        <test-method status="PASS" signature="secondTest()[pri:0, instance:com.java.test.ex.SecondTestclass@6ea12c19]" name="secondTest" duration-ms="1" started-at="2016-05-19T16:21:27Z" finished-at="2016-05-19T16:21:27Z">
          <reporter-output>
          </reporter-output>
        </test-method> <!-- secondTest -->
        <test-method status="PASS" signature="thirdTest()[pri:0, instance:com.java.test.ex.SecondTestclass@6ea12c19]" name="thirdTest" duration-ms="1" started-at="2016-05-19T16:21:27Z" finished-at="2016-05-19T16:21:27Z">
          <reporter-output>
          </reporter-output>
        </test-method> <!-- thirdTest -->
      </class> <!-- com.java.test.ex.SecondTestclass -->
      <class name="com.java.test.ex.TestEx">
        <test-method status="PASS" signature="sampleTest()[pri:0, instance:com.java.test.ex.TestEx@2669b199]" name="sampleTest" duration-ms="16" started-at="2016-05-19T16:21:27Z" finished-at="2016-05-19T16:21:27Z">
          <reporter-output>
          </reporter-output>
        </test-method> <!-- sampleTest -->
      </class> <!-- com.java.test.ex.TestEx -->
    </test> <!-- Tests -->
  </suite> <!-- MyMaven -->
</testng-results>
